<?xml version="1.0" encoding="UTF-8"?>
<robot generator="Robot 6.1.1 (Python 3.11.5 on win32)" generated="20240502 15:05:09.420" rpa="false" schemaversion="4">
<suite id="s1" name="Tests" source="C:\kurssit\ohtu\ohtuvarasto\osa3\hello-robot\src\tests">
<suite id="s1-s1" name="Increase Counter" source="C:\kurssit\ohtu\ohtuvarasto\osa3\hello-robot\src\tests\increase_counter.robot">
<test id="s1-s1-t1" name="Increase Counter Once" line="5">
<kw name="Counter Value Should Be" library="CounterLibrary">
<arg>0</arg>
<status status="PASS" starttime="20240502 15:05:09.545" endtime="20240502 15:05:09.545"/>
</kw>
<kw name="Increase Counter" library="CounterLibrary">
<status status="PASS" starttime="20240502 15:05:09.545" endtime="20240502 15:05:09.545"/>
</kw>
<kw name="Counter Value Should Be" library="CounterLibrary">
<arg>1</arg>
<status status="PASS" starttime="20240502 15:05:09.545" endtime="20240502 15:05:09.545"/>
</kw>
<status status="PASS" starttime="20240502 15:05:09.544" endtime="20240502 15:05:09.545"/>
</test>
<test id="s1-s1-t2" name="Increase Counter Many Times" line="10">
<kw name="Counter Value Should Be" library="CounterLibrary">
<arg>0</arg>
<status status="PASS" starttime="20240502 15:05:09.546" endtime="20240502 15:05:09.546"/>
</kw>
<kw name="Increase Counter" library="CounterLibrary">
<status status="PASS" starttime="20240502 15:05:09.546" endtime="20240502 15:05:09.546"/>
</kw>
<kw name="Increase Counter" library="CounterLibrary">
<status status="PASS" starttime="20240502 15:05:09.546" endtime="20240502 15:05:09.546"/>
</kw>
<kw name="Increase Counter" library="CounterLibrary">
<status status="PASS" starttime="20240502 15:05:09.546" endtime="20240502 15:05:09.546"/>
</kw>
<kw name="Counter Value Should Be" library="CounterLibrary">
<arg>3</arg>
<status status="PASS" starttime="20240502 15:05:09.546" endtime="20240502 15:05:09.546"/>
</kw>
<status status="PASS" starttime="20240502 15:05:09.546" endtime="20240502 15:05:09.546"/>
</test>
<test id="s1-s1-t3" name="Increment Counter By Amount" line="17">
<kw name="Counter Value Should Be" library="CounterLibrary">
<arg>0</arg>
<status status="PASS" starttime="20240502 15:05:09.547" endtime="20240502 15:05:09.547"/>
</kw>
<kw name="Increment Counter By" library="CounterLibrary">
<arg>5</arg>
<status status="PASS" starttime="20240502 15:05:09.547" endtime="20240502 15:05:09.547"/>
</kw>
<kw name="Counter Value Should Be" library="CounterLibrary">
<arg>5</arg>
<status status="PASS" starttime="20240502 15:05:09.547" endtime="20240502 15:05:09.547"/>
</kw>
<status status="PASS" starttime="20240502 15:05:09.547" endtime="20240502 15:05:09.547"/>
</test>
<status status="PASS" starttime="20240502 15:05:09.538" endtime="20240502 15:05:09.547"/>
</suite>
<status status="PASS" starttime="20240502 15:05:09.421" endtime="20240502 15:05:09.548"/>
</suite>
<statistics>
<total>
<stat pass="3" fail="0" skip="0">All Tests</stat>
</total>
<tag>
</tag>
<suite>
<stat pass="3" fail="0" skip="0" id="s1" name="Tests">Tests</stat>
<stat pass="3" fail="0" skip="0" id="s1-s1" name="Increase Counter">Tests.Increase Counter</stat>
</suite>
</statistics>
<errors>
</errors>
</robot>
